<?xml version="1.0" encoding="UTF-8"?>
<!-- Generated by org.testng.reporters.JUnitXMLReporter -->
<testsuite ignored="8" hostname="ArunMotoori" failures="0" tests="4" name="Default test" time="0.127" errors="0" timestamp="2024-01-02T17:46:38 IST">
  <testcase classname="registerpack.RegisterAccountTests" name="registerAccountUsingInvalidEmailAddress" time="0.014"/>
  <testcase classname="registerpack.RegisterAccountTests" name="registerAccountUsingInvalidEmailAddress" time="0.002"/>
  <testcase classname="registerpack.RegisterAccountTests" name="registerAccountUsingInvalidEmailAddress" time="0.004"/>
  <testcase classname="registerpack.RegisterAccountTests" name="registerAccountUsingInvalidEmailAddress" time="0.002"/>
  <testcase classname="registerpack.RegisterAccountTests" name="registerAccountBySelectingNoNewsletterOption" time="0.0">
    <ignored/>
  </testcase> <!-- registerAccountBySelectingNoNewsletterOption -->
  <testcase classname="registerpack.RegisterAccountTests" name="registerAccountPageNavigationsDifferentWays" time="0.0">
    <ignored/>
  </testcase> <!-- registerAccountPageNavigationsDifferentWays -->
  <testcase classname="registerpack.RegisterAccountTests" name="registerAccountWithAllFields" time="0.0">
    <ignored/>
  </testcase> <!-- registerAccountWithAllFields -->
  <testcase classname="registerpack.RegisterAccountTests" name="registerAccountWithMandatoryFields" time="0.0">
    <ignored/>
  </testcase> <!-- registerAccountWithMandatoryFields -->
  <testcase classname="registerpack.RegisterAccountTests" name="registerAccountByProvidingMismatchingPasswords" time="0.0">
    <ignored/>
  </testcase> <!-- registerAccountByProvidingMismatchingPasswords -->
  <testcase classname="registerpack.RegisterAccountTests" name="registerWithoutProvidingAnyFields" time="0.0">
    <ignored/>
  </testcase> <!-- registerWithoutProvidingAnyFields -->
  <testcase classname="registerpack.RegisterAccountTests" name="registerAccountBySelectingYesNewsletterOption" time="0.0">
    <ignored/>
  </testcase> <!-- registerAccountBySelectingYesNewsletterOption -->
  <testcase classname="registerpack.RegisterAccountTests" name="registerDuplicateAccountWithSameEmail" time="0.0">
    <ignored/>
  </testcase> <!-- registerDuplicateAccountWithSameEmail -->
</testsuite> <!-- Default test -->
