<?xml version="1.0" encoding="UTF-8"?>
<!-- Generated by org.testng.reporters.JUnitXMLReporter -->
<testsuite ignored="0" hostname="ArunMotoori" failures="0" tests="8" name="Default test" time="102.249" errors="0" timestamp="2023-12-29T17:19:12 IST">
  <testcase classname="registerpack.RegisterAccountTests" name="registerAccountWithMandatoryFields" time="16.475"/>
  <testcase classname="registerpack.RegisterAccountTests" name="registerAccountWithAllFields" time="13.109"/>
  <testcase classname="registerpack.RegisterAccountTests" name="registerWithoutProvidingAnyFields" time="9.299"/>
  <testcase classname="registerpack.RegisterAccountTests" name="registerAccountBySelectingYesNewsletterOption" time="13.81"/>
  <testcase classname="registerpack.RegisterAccountTests" name="registerAccountBySelectingNoNewsletterOption" time="14.817"/>
  <testcase classname="registerpack.RegisterAccountTests" name="registerAccountPageNavigationsDifferentWays" time="11.205"/>
  <testcase classname="registerpack.RegisterAccountTests" name="registerAccountByProvidingMismatchingPasswords" time="11.812"/>
  <testcase classname="registerpack.RegisterAccountTests" name="registerDuplicateAccountWithSameEmail" time="11.46"/>
</testsuite> <!-- Default test -->
