<?xml version="1.0" encoding="UTF-8"?>
<!-- Generated by org.testng.reporters.JUnitXMLReporter -->
<testsuite ignored="4" hostname="ArunMotoori" failures="0" tests="1" name="Default test" time="20.507" errors="0" timestamp="2023-12-28T17:29:54 IST">
  <testcase classname="registerpack.RegisterAccountTests" name="registerAccountBySelectingNoNewsletterOption" time="20.313"/>
  <testcase classname="registerpack.RegisterAccountTests" name="registerWithoutProvidingAnyFields" time="0.0">
    <ignored/>
  </testcase> <!-- registerWithoutProvidingAnyFields -->
  <testcase classname="registerpack.RegisterAccountTests" name="registerAccountWithMandatoryFields" time="0.0">
    <ignored/>
  </testcase> <!-- registerAccountWithMandatoryFields -->
  <testcase classname="registerpack.RegisterAccountTests" name="registerAccountBySelectingYesNewsletterOption" time="0.0">
    <ignored/>
  </testcase> <!-- registerAccountBySelectingYesNewsletterOption -->
  <testcase classname="registerpack.RegisterAccountTests" name="registerAccountWithAllFields" time="0.0">
    <ignored/>
  </testcase> <!-- registerAccountWithAllFields -->
</testsuite> <!-- Default test -->
