<?xml version="1.0" encoding="UTF-8"?>
<!-- Generated by org.testng.reporters.JUnitXMLReporter -->
<testsuite ignored="1" hostname="ArunMotoori" failures="0" tests="1" name="Default test" time="17.734" errors="0" timestamp="2023-12-27T19:41:58 IST">
  <testcase classname="registerpack.RegisterAccountTests" name="registerAccountWithAllFields" time="17.533"/>
  <testcase classname="registerpack.RegisterAccountTests" name="registerAccountWithMandatoryFields" time="0.0">
    <ignored/>
  </testcase> <!-- registerAccountWithMandatoryFields -->
</testsuite> <!-- Default test -->
