<?xml version="1.0" encoding="UTF-8"?>
<testng-results ignored="0" total="1" passed="1" failed="0" skipped="0">
  <reporter-output>
  </reporter-output>
  <suite started-at="2023-12-28T17:29:34 IST" name="Default suite" finished-at="2023-12-28T17:29:54 IST" duration-ms="20507">
    <groups>
    </groups>
    <test started-at="2023-12-28T17:29:34 IST" name="Default test" finished-at="2023-12-28T17:29:54 IST" duration-ms="20507">
      <class name="registerpack.RegisterAccountTests">
        <test-method signature="registerAccountBySelectingNoNewsletterOption()[pri:0, instance:registerpack.RegisterAccountTests@1aa7ecca]" started-at="2023-12-28T17:29:34 IST" name="registerAccountBySelectingNoNewsletterOption" finished-at="2023-12-28T17:29:54 IST" duration-ms="20313" status="PASS">
          <reporter-output>
          </reporter-output>
        </test-method> <!-- registerAccountBySelectingNoNewsletterOption -->
      </class> <!-- registerpack.RegisterAccountTests -->
    </test> <!-- Default test -->
  </suite> <!-- Default suite -->
</testng-results>
