<?xml version="1.0" encoding="UTF-8"?>
<testng-results ignored="0" total="1" passed="1" failed="0" skipped="0">
  <reporter-output>
  </reporter-output>
  <suite started-at="2024-04-06T17:59:45 IST" name="Default suite" finished-at="2024-04-06T18:00:10 IST" duration-ms="25107">
    <groups>
    </groups>
    <test started-at="2024-04-06T17:59:45 IST" name="Default test" finished-at="2024-04-06T18:00:10 IST" duration-ms="25107">
      <class name="bookcartpack.AddToCartDemo">
        <test-method signature="addingItemsToCartTestCaseOne()[pri:0, instance:bookcartpack.AddToCartDemo@2d7275fc]" started-at="2024-04-06T17:59:45 IST" name="addingItemsToCartTestCaseOne" finished-at="2024-04-06T18:00:10 IST" duration-ms="24910" status="PASS">
          <reporter-output>
          </reporter-output>
        </test-method> <!-- addingItemsToCartTestCaseOne -->
      </class> <!-- bookcartpack.AddToCartDemo -->
    </test> <!-- Default test -->
  </suite> <!-- Default suite -->
</testng-results>
