<?xml version="1.0" encoding="UTF-8"?>
<testng-results ignored="0" total="1" passed="1" failed="0" skipped="0">
  <reporter-output>
  </reporter-output>
  <suite started-at="2024-01-10T18:59:39 IST" name="Default suite" finished-at="2024-01-10T18:59:53 IST" duration-ms="13355">
    <groups>
    </groups>
    <test started-at="2024-01-10T18:59:39 IST" name="Default test" finished-at="2024-01-10T18:59:53 IST" duration-ms="13355">
      <class name="registerpack.RegisterAccountTests">
        <test-method is-config="true" signature="setup()[pri:0, instance:registerpack.RegisterAccountTests@1623b78d]" started-at="2024-01-10T18:59:40 IST" name="setup" finished-at="2024-01-10T18:59:52 IST" duration-ms="11936" status="PASS">
          <reporter-output>
          </reporter-output>
        </test-method> <!-- setup -->
        <test-method signature="regiserAccountPlaceholdersChecking()[pri:12, instance:registerpack.RegisterAccountTests@1623b78d]" started-at="2024-01-10T18:59:52 IST" name="regiserAccountPlaceholdersChecking" finished-at="2024-01-10T18:59:52 IST" duration-ms="613" status="PASS">
          <reporter-output>
          </reporter-output>
        </test-method> <!-- regiserAccountPlaceholdersChecking -->
        <test-method is-config="true" signature="tearDown()[pri:0, instance:registerpack.RegisterAccountTests@1623b78d]" started-at="2024-01-10T18:59:52 IST" name="tearDown" finished-at="2024-01-10T18:59:53 IST" duration-ms="610" status="PASS">
          <reporter-output>
          </reporter-output>
        </test-method> <!-- tearDown -->
      </class> <!-- registerpack.RegisterAccountTests -->
    </test> <!-- Default test -->
  </suite> <!-- Default suite -->
</testng-results>
