<?xml version="1.0" encoding="UTF-8"?>
<testng-results ignored="0" total="1" passed="1" failed="0" skipped="0">
  <reporter-output>
  </reporter-output>
  <suite started-at="2023-12-27T19:41:40 IST" name="Default suite" finished-at="2023-12-27T19:41:58 IST" duration-ms="17734">
    <groups>
    </groups>
    <test started-at="2023-12-27T19:41:40 IST" name="Default test" finished-at="2023-12-27T19:41:58 IST" duration-ms="17734">
      <class name="registerpack.RegisterAccountTests">
        <test-method signature="registerAccountWithAllFields()[pri:0, instance:registerpack.RegisterAccountTests@67d48005]" started-at="2023-12-27T19:41:40 IST" name="registerAccountWithAllFields" finished-at="2023-12-27T19:41:58 IST" duration-ms="17533" status="PASS">
          <reporter-output>
          </reporter-output>
        </test-method> <!-- registerAccountWithAllFields -->
      </class> <!-- registerpack.RegisterAccountTests -->
    </test> <!-- Default test -->
  </suite> <!-- Default suite -->
</testng-results>
