<?xml version="1.0" encoding="UTF-8"?>
<testng-results ignored="0" total="4" passed="4" failed="0" skipped="0">
  <reporter-output>
  </reporter-output>
  <suite started-at="2024-01-02T17:46:38 IST" name="Default suite" finished-at="2024-01-02T17:46:38 IST" duration-ms="127">
    <groups>
    </groups>
    <test started-at="2024-01-02T17:46:38 IST" name="Default test" finished-at="2024-01-02T17:46:38 IST" duration-ms="127">
      <class name="registerpack.RegisterAccountTests">
        <test-method signature="registerAccountUsingInvalidEmailAddress(java.lang.String)[pri:0, instance:registerpack.RegisterAccountTests@35cabb2a]" started-at="2024-01-02T17:46:38 IST" name="registerAccountUsingInvalidEmailAddress" data-provider="dataSupply" finished-at="2024-01-02T17:46:38 IST" duration-ms="14" status="PASS">
          <params>
            <param index="0">
              <value>
                <![CDATA[amotoori]]>
              </value>
            </param>
          </params>
          <reporter-output>
          </reporter-output>
        </test-method> <!-- registerAccountUsingInvalidEmailAddress -->
        <test-method signature="registerAccountUsingInvalidEmailAddress(java.lang.String)[pri:0, instance:registerpack.RegisterAccountTests@35cabb2a]" started-at="2024-01-02T17:46:38 IST" name="registerAccountUsingInvalidEmailAddress" data-provider="dataSupply" finished-at="2024-01-02T17:46:38 IST" duration-ms="2" status="PASS">
          <params>
            <param index="0">
              <value>
                <![CDATA[amotoori@]]>
              </value>
            </param>
          </params>
          <reporter-output>
          </reporter-output>
        </test-method> <!-- registerAccountUsingInvalidEmailAddress -->
        <test-method signature="registerAccountUsingInvalidEmailAddress(java.lang.String)[pri:0, instance:registerpack.RegisterAccountTests@35cabb2a]" started-at="2024-01-02T17:46:38 IST" name="registerAccountUsingInvalidEmailAddress" data-provider="dataSupply" finished-at="2024-01-02T17:46:38 IST" duration-ms="4" status="PASS">
          <params>
            <param index="0">
              <value>
                <![CDATA[amotoori@gmail]]>
              </value>
            </param>
          </params>
          <reporter-output>
          </reporter-output>
        </test-method> <!-- registerAccountUsingInvalidEmailAddress -->
        <test-method signature="registerAccountUsingInvalidEmailAddress(java.lang.String)[pri:0, instance:registerpack.RegisterAccountTests@35cabb2a]" started-at="2024-01-02T17:46:38 IST" name="registerAccountUsingInvalidEmailAddress" data-provider="dataSupply" finished-at="2024-01-02T17:46:38 IST" duration-ms="2" status="PASS">
          <params>
            <param index="0">
              <value>
                <![CDATA[amotoori@gmail.]]>
              </value>
            </param>
          </params>
          <reporter-output>
          </reporter-output>
        </test-method> <!-- registerAccountUsingInvalidEmailAddress -->
      </class> <!-- registerpack.RegisterAccountTests -->
    </test> <!-- Default test -->
  </suite> <!-- Default suite -->
</testng-results>
