<?xml version="1.0" encoding="UTF-8"?>
<testng-results ignored="0" total="1" passed="1" failed="0" skipped="0">
  <reporter-output>
  </reporter-output>
  <suite started-at="2024-01-09T18:40:59 IST" name="Default suite" finished-at="2024-01-09T18:41:32 IST" duration-ms="32803">
    <groups>
    </groups>
    <test started-at="2024-01-09T18:40:59 IST" name="Default test" finished-at="2024-01-09T18:41:32 IST" duration-ms="32803">
      <class name="registerpack.RegisterAccountTests">
        <test-method is-config="true" signature="setup()[pri:0, instance:registerpack.RegisterAccountTests@5c33f1a9]" started-at="2024-01-09T18:40:59 IST" name="setup" finished-at="2024-01-09T18:41:10 IST" duration-ms="10197" status="PASS">
          <reporter-output>
          </reporter-output>
        </test-method> <!-- setup -->
        <test-method signature="registerAccountUsingKeyboardKeys()[pri:11, instance:registerpack.RegisterAccountTests@5c33f1a9]" started-at="2024-01-09T18:41:10 IST" name="registerAccountUsingKeyboardKeys" finished-at="2024-01-09T18:41:31 IST" duration-ms="21795" status="PASS">
          <reporter-output>
          </reporter-output>
        </test-method> <!-- registerAccountUsingKeyboardKeys -->
        <test-method is-config="true" signature="tearDown()[pri:0, instance:registerpack.RegisterAccountTests@5c33f1a9]" started-at="2024-01-09T18:41:31 IST" name="tearDown" finished-at="2024-01-09T18:41:32 IST" duration-ms="657" status="PASS">
          <reporter-output>
          </reporter-output>
        </test-method> <!-- tearDown -->
      </class> <!-- registerpack.RegisterAccountTests -->
    </test> <!-- Default test -->
  </suite> <!-- Default suite -->
</testng-results>
